Performing C SOURCE FILE Test CMAKE_HAVE_LIBC_PTHREAD failed with the following output:
Change Dir: /home/marc/CLionProjects/Course/CppND-Route-Planning-Project/cmake-build-debug/CMakeFiles/CMakeTmp

Run Build Command(s):/usr/bin/make cmTC_c8476/fast && /usr/bin/make -f CMakeFiles/cmTC_c8476.dir/build.make CMakeFiles/cmTC_c8476.dir/build
make[1]: Entering directory '/home/marc/CLionProjects/Course/CppND-Route-Planning-Project/cmake-build-debug/CMakeFiles/CMakeTmp'
Building C object CMakeFiles/cmTC_c8476.dir/src.c.o
/usr/bin/clang   -DCMAKE_HAVE_LIBC_PTHREAD   -o CMakeFiles/cmTC_c8476.dir/src.c.o   -c /home/marc/CLionProjects/Course/CppND-Route-Planning-Project/cmake-build-debug/CMakeFiles/CMakeTmp/src.c
Linking C executable cmTC_c8476
/home/marc/IDE/clion-2018.3.4/bin/cmake/linux/bin/cmake -E cmake_link_script CMakeFiles/cmTC_c8476.dir/link.txt --verbose=1
/usr/bin/clang  -DCMAKE_HAVE_LIBC_PTHREAD    -rdynamic CMakeFiles/cmTC_c8476.dir/src.c.o  -o cmTC_c8476 
CMakeFiles/cmTC_c8476.dir/src.c.o: In function `main':
src.c:(.text+0x35): undefined reference to `pthread_create'
src.c:(.text+0x41): undefined reference to `pthread_detach'
src.c:(.text+0x53): undefined reference to `pthread_join'
src.c:(.text+0x6a): undefined reference to `pthread_atfork'
clang: error: linker command failed with exit code 1 (use -v to see invocation)
CMakeFiles/cmTC_c8476.dir/build.make:86: recipe for target 'cmTC_c8476' failed
make[1]: *** [cmTC_c8476] Error 1
make[1]: Leaving directory '/home/marc/CLionProjects/Course/CppND-Route-Planning-Project/cmake-build-debug/CMakeFiles/CMakeTmp'
Makefile:121: recipe for target 'cmTC_c8476/fast' failed
make: *** [cmTC_c8476/fast] Error 2


Source file was:
#include <pthread.h>

void* test_func(void* data)
{
  return data;
}

int main(void)
{
  pthread_t thread;
  pthread_create(&thread, NULL, test_func, NULL);
  pthread_detach(thread);
  pthread_join(thread, NULL);
  pthread_atfork(NULL, NULL, NULL);
  pthread_exit(NULL);

  return 0;
}

Determining if the function pthread_create exists in the pthreads failed with the following output:
Change Dir: /home/marc/CLionProjects/Course/CppND-Route-Planning-Project/cmake-build-debug/CMakeFiles/CMakeTmp

Run Build Command(s):/usr/bin/make cmTC_a0593/fast && /usr/bin/make -f CMakeFiles/cmTC_a0593.dir/build.make CMakeFiles/cmTC_a0593.dir/build
make[1]: Entering directory '/home/marc/CLionProjects/Course/CppND-Route-Planning-Project/cmake-build-debug/CMakeFiles/CMakeTmp'
Building C object CMakeFiles/cmTC_a0593.dir/CheckFunctionExists.c.o
/usr/bin/clang   -DCHECK_FUNCTION_EXISTS=pthread_create   -o CMakeFiles/cmTC_a0593.dir/CheckFunctionExists.c.o   -c /home/marc/IDE/clion-2018.3.4/bin/cmake/linux/share/cmake-3.15/Modules/CheckFunctionExists.c
Linking C executable cmTC_a0593
/home/marc/IDE/clion-2018.3.4/bin/cmake/linux/bin/cmake -E cmake_link_script CMakeFiles/cmTC_a0593.dir/link.txt --verbose=1
/usr/bin/clang  -DCHECK_FUNCTION_EXISTS=pthread_create    -rdynamic CMakeFiles/cmTC_a0593.dir/CheckFunctionExists.c.o  -o cmTC_a0593 -lpthreads 
/usr/bin/ld: cannot find -lpthreads
clang: error: linker command failed with exit code 1 (use -v to see invocation)
CMakeFiles/cmTC_a0593.dir/build.make:86: recipe for target 'cmTC_a0593' failed
make[1]: *** [cmTC_a0593] Error 1
make[1]: Leaving directory '/home/marc/CLionProjects/Course/CppND-Route-Planning-Project/cmake-build-debug/CMakeFiles/CMakeTmp'
Makefile:121: recipe for target 'cmTC_a0593/fast' failed
make: *** [cmTC_a0593/fast] Error 2



